<?xml version="1.0" encoding="UTF-8"?>
<!-- Generated by org.testng.reporters.JUnitReportReporter -->
<testsuite skipped="0" hostname="LAPTOP-DJC8OLDO" name="com.syntax.class01.HrmsTestCases" tests="2" failures="0" timestamp="2020-08-30T09:16:35 EEST" time="25.288" errors="0">
  <testcase name="titleValidation" time="9.104" classname="com.syntax.class01.HrmsTestCases"/>
  <system-out/>
  <testcase name="validLogin" time="16.184" classname="com.syntax.class01.HrmsTestCases"/>
  <system-out/>
</testsuite> <!-- com.syntax.class01.HrmsTestCases -->
