<?xml version="1.0" encoding="UTF-8"?>
<!-- Generated by org.testng.reporters.JUnitReportReporter -->
<testsuite skipped="0" hostname="LAPTOP-DJC8OLDO" name="com.syntax.class01.DifferentAnnotations" tests="2" failures="0" timestamp="2020-08-29T19:30:45 EEST" time="0.006" errors="0">
  <testcase name="testMethod" time="0.004" classname="com.syntax.class01.DifferentAnnotations"/>
  <system-out/>
  <testcase name="testMethod2" time="0.002" classname="com.syntax.class01.DifferentAnnotations"/>
  <system-out/>
</testsuite> <!-- com.syntax.class01.DifferentAnnotations -->
