<?xml version="1.0" encoding="UTF-8"?>
<!-- Generated by org.testng.reporters.JUnitReportReporter -->
<testsuite skipped="0" hostname="LAPTOP-DJC8OLDO" name="com.class03.DataProvider_Grouping.LoginPageTest" tests="3" failures="0" timestamp="2020-09-04T10:26:09 EEST" time="62.447" errors="0">
  <testcase name="multipleLogin" time="20.694" classname="com.class03.DataProvider_Grouping.LoginPageTest"/>
  <system-out/>
  <testcase name="multipleLogin" time="21.758" classname="com.class03.DataProvider_Grouping.LoginPageTest"/>
  <system-out/>
  <testcase name="multipleLogin" time="19.995" classname="com.class03.DataProvider_Grouping.LoginPageTest"/>
  <system-out/>
</testsuite> <!-- com.class03.DataProvider_Grouping.LoginPageTest -->
