<?xml version="1.0" encoding="UTF-8"?>
<!-- Generated by org.testng.reporters.JUnitReportReporter -->
<testsuite skipped="0" hostname="LAPTOP-DJC8OLDO" name="com.class02.AllAnnotations" tests="2" failures="0" timestamp="2020-08-30T21:24:19 EEST" time="0.006" errors="0">
  <testcase name="testMethod2" time="0.001" classname="com.class02.AllAnnotations"/>
  <system-out/>
  <testcase name="testMethod" time="0.005" classname="com.class02.AllAnnotations"/>
  <system-out/>
</testsuite> <!-- com.class02.AllAnnotations -->
