<?xml version="1.0" encoding="UTF-8"?>
<!-- Generated by org.testng.reporters.JUnitReportReporter -->
<testsuite skipped="0" hostname="LAPTOP-DJC8OLDO" name="com.syntax.class01.Task3" tests="2" failures="0" timestamp="2020-08-29T21:09:15 EEST" time="26.516" errors="0">
  <testcase name="logoDisplayed" time="8.444" classname="com.syntax.class01.Task3"/>
  <system-out/>
  <testcase name="validCredentials" time="18.072" classname="com.syntax.class01.Task3"/>
  <system-out/>
</testsuite> <!-- com.syntax.class01.Task3 -->
