<?xml version="1.0" encoding="UTF-8"?>
<!-- Generated by org.testng.reporters.JUnitReportReporter -->
<testsuite skipped="0" hostname="LAPTOP-DJC8OLDO" name="com.class03.DataProvider_Grouping.Homework" tests="5" failures="0" timestamp="2020-09-04T18:42:02 EEST" time="129.629" errors="0">
  <testcase name="addEmployee" time="30.857" classname="com.class03.DataProvider_Grouping.Homework"/>
  <system-out/>
  <testcase name="addEmployee" time="24.684" classname="com.class03.DataProvider_Grouping.Homework"/>
  <system-out/>
  <testcase name="addEmployee" time="23.301" classname="com.class03.DataProvider_Grouping.Homework"/>
  <system-out/>
  <testcase name="addEmployee" time="24.741" classname="com.class03.DataProvider_Grouping.Homework"/>
  <system-out/>
  <testcase name="addEmployee" time="26.046" classname="com.class03.DataProvider_Grouping.Homework"/>
  <system-out/>
</testsuite> <!-- com.class03.DataProvider_Grouping.Homework -->
