<?xml version="1.0" encoding="UTF-8"?>
<!-- Generated by org.testng.reporters.JUnitReportReporter -->
<testsuite skipped="0" hostname="LAPTOP-DJC8OLDO" name="com.syntax.class01.Task4" tests="1" failures="0" timestamp="2020-08-29T21:21:23 EEST" time="10.186" errors="0">
  <testcase name="passwordEmpty" time="10.186" classname="com.syntax.class01.Task4"/>
  <system-out/>
</testsuite> <!-- com.syntax.class01.Task4 -->
