<?xml version="1.0" encoding="UTF-8"?>
<!-- Generated by org.testng.reporters.JUnitReportReporter -->
<testsuite skipped="0" hostname="LAPTOP-DJC8OLDO" name="com.syntax.class01.TestNGTest" tests="1" failures="0" timestamp="2020-08-28T05:01:51 EEST" time="0.008" errors="0">
  <testcase name="hello" time="0.008" classname="com.syntax.class01.TestNGTest"/>
  <system-out/>
</testsuite> <!-- com.syntax.class01.TestNGTest -->
