<?xml version="1.0" encoding="UTF-8"?>
<!-- Generated by org.testng.reporters.JUnitReportReporter -->
<testsuite skipped="0" hostname="LAPTOP-DJC8OLDO" name="com.class02.Assertion_XmlFile_Grouping.Task" tests="1" failures="0" timestamp="2020-08-31T14:16:17 EEST" time="26.194" errors="0">
  <testcase name="validLogin" time="26.194" classname="com.class02.Assertion_XmlFile_Grouping.Task"/>
  <system-out/>
</testsuite> <!-- com.class02.Assertion_XmlFile_Grouping.Task -->
