<?xml version="1.0" encoding="UTF-8"?>
<!-- Generated by org.testng.reporters.JUnitReportReporter -->
<testsuite skipped="0" hostname="LAPTOP-DJC8OLDO" name="com.syntax.class01.Task2" tests="2" failures="0" timestamp="2020-08-29T19:43:54 EEST" time="0.007" errors="0">
  <testcase name="Test1" time="0.005" classname="com.syntax.class01.Task2"/>
  <system-out/>
  <testcase name="Test2" time="0.002" classname="com.syntax.class01.Task2"/>
  <system-out/>
</testsuite> <!-- com.syntax.class01.Task2 -->
