<?xml version="1.0" encoding="UTF-8"?>
<!-- Generated by org.testng.reporters.JUnitReportReporter -->
<testsuite skipped="0" hostname="LAPTOP-DJC8OLDO" name="com.class02.Assertion_XmlFile_Grouping.AllAnnotations" tests="2" failures="0" timestamp="2020-09-02T16:43:42 EEST" time="0.010" errors="0">
  <testcase name="testMethod2" time="0.002" classname="com.class02.Assertion_XmlFile_Grouping.AllAnnotations"/>
  <system-out/>
  <testcase name="testMethod" time="0.008" classname="com.class02.Assertion_XmlFile_Grouping.AllAnnotations"/>
  <system-out/>
</testsuite> <!-- com.class02.Assertion_XmlFile_Grouping.AllAnnotations -->
