<?xml version="1.0" encoding="UTF-8"?>
<!-- Generated by org.testng.reporters.JUnitReportReporter -->
<testsuite skipped="0" hostname="LAPTOP-DJC8OLDO" name="com.class03.DataProvider_Grouping.GroupsExample" tests="1" failures="0" timestamp="2020-09-04T18:42:02 EEST" time="10.218" errors="0">
  <testcase name="validLogin" time="10.218" classname="com.class03.DataProvider_Grouping.GroupsExample"/>
  <system-out/>
</testsuite> <!-- com.class03.DataProvider_Grouping.GroupsExample -->
