<?xml version="1.0" encoding="UTF-8"?>
<!-- Generated by org.testng.reporters.JUnitReportReporter -->
<testsuite skipped="0" hostname="LAPTOP-DJC8OLDO" name="com.syntax.class01.TestNGIntro" tests="3" failures="0" timestamp="2020-08-29T18:11:24 EEST" time="0.009" errors="0">
  <testcase name="testTwo" time="0.002" classname="com.syntax.class01.TestNGIntro"/>
  <system-out/>
  <testcase name="testOne" time="0.006" classname="com.syntax.class01.TestNGIntro"/>
  <system-out/>
  <testcase name="testThree" time="0.001" classname="com.syntax.class01.TestNGIntro"/>
  <system-out/>
</testsuite> <!-- com.syntax.class01.TestNGIntro -->
