<?xml version="1.0" encoding="UTF-8"?>
<!-- Generated by org.testng.reporters.JUnitReportReporter -->
<testsuite skipped="0" hostname="LAPTOP-DJC8OLDO" name="com.syntax.class01.Task" tests="4" failures="0" timestamp="2020-08-29T19:06:50 EEST" time="0.009" errors="0">
  <testcase name="test7" time="0.001" classname="com.syntax.class01.Task"/>
  <system-out/>
  <testcase name="test6" time="0.001" classname="com.syntax.class01.Task"/>
  <system-out/>
  <testcase name="test4" time="0.007" classname="com.syntax.class01.Task"/>
  <system-out/>
  <testcase name="test5" time="0.000" classname="com.syntax.class01.Task"/>
  <system-out/>
</testsuite> <!-- com.syntax.class01.Task -->
